<?xml version="1.0" encoding="UTF-8"?>
<!-- Generated by org.testng.reporters.JUnitReportReporter -->
<testsuite hostname="LAPTOP-UNO4ULJI" failures="0" tests="2" name="TestCases.GroupTest" time="11.521" errors="0" timestamp="2022-11-16T12:24:43 IST" skipped="0">
  <testcase classname="TestCases.GroupTest" name="verifyurlTest" time="2.325"/>
  <system-out/>
  <testcase classname="TestCases.GroupTest" name="loginToAppTest" time="9.196"/>
  <system-out/>
</testsuite> <!-- TestCases.GroupTest -->
