<?xml version="1.0" encoding="UTF-8"?>
<!-- Generated by org.testng.reporters.JUnitReportReporter -->
<testsuite hostname="LAPTOP-UNO4ULJI" failures="0" tests="3" name="TestCases.cartTest" time="12.094" errors="0" timestamp="2022-10-16T17:07:25 IST" skipped="0">
  <testcase classname="TestCases.cartTest" name="checkoutBtnTest" time="2.647"/>
  <system-out/>
  <testcase classname="TestCases.cartTest" name="verifyurlCartTest" time="2.815"/>
  <system-out/>
  <testcase classname="TestCases.cartTest" name="remove3Test" time="6.632"/>
  <system-out/>
</testsuite> <!-- TestCases.cartTest -->
