<?xml version="1.0" encoding="UTF-8"?>
<!-- Generated by org.testng.reporters.JUnitReportReporter -->
<testsuite hostname="LAPTOP-UNO4ULJI" failures="0" tests="6" name="TestCases.LoginPageTest" time="13.459" errors="0" timestamp="2022-11-16T12:27:18 IST" skipped="2">
  <testcase classname="TestCases.LoginPageTest" name="verifyurlTest" time="3.509"/>
  <system-out/>
  <testcase classname="TestCases.LoginPageTest" name="verifybotLogoTest" time="2.747"/>
  <system-out/>
  <testcase classname="TestCases.LoginPageTest" name="verifyTitleTest" time="2.519"/>
  <system-out/>
  <testcase classname="TestCases.LoginPageTest" name="verifyloginLogoTest" time="4.684"/>
  <system-out/>
  <testcase classname="TestCases.LoginPageTest" name="loginToApp2Test">
    <skipped/>
  </testcase> <!-- loginToApp2Test -->
  <system-out/>
  <testcase classname="TestCases.LoginPageTest" name="loginToAppTest">
    <skipped/>
  </testcase> <!-- loginToAppTest -->
  <system-out/>
</testsuite> <!-- TestCases.LoginPageTest -->
