<?xml version="1.0" encoding="UTF-8"?>
<!-- Generated by org.testng.reporters.JUnitReportReporter -->
<testsuite hostname="LAPTOP-UNO4ULJI" failures="0" tests="4" name="TestCases.parallelTest" time="45.098" errors="0" timestamp="2022-10-21T14:54:25 IST" skipped="1">
  <testcase classname="TestCases.parallelTest" name="openFb" time="25.471"/>
  <system-out/>
  <testcase classname="TestCases.parallelTest" name="openSwagLab" time="9.878"/>
  <system-out/>
  <testcase classname="TestCases.parallelTest" name="openYoutue" time="9.749"/>
  <system-out/>
  <testcase classname="TestCases.parallelTest" name="opengoogle">
    <skipped/>
  </testcase> <!-- opengoogle -->
  <system-out/>
</testsuite> <!-- TestCases.parallelTest -->
