<?xml version="1.0" encoding="UTF-8"?>
<!-- Generated by org.testng.reporters.JUnitReportReporter -->
<testsuite hostname="LAPTOP-UNO4ULJI" failures="0" tests="3" name="TestCases.IntPg22" time="15.387" errors="0" timestamp="2022-10-11T10:30:06 IST" skipped="0">
  <testcase classname="TestCases.IntPg22" name="add6ProductTest" time="9.677"/>
  <system-out/>
  <testcase classname="TestCases.IntPg22" name="verifySmallLogoTest" time="3.034"/>
  <system-out/>
  <testcase classname="TestCases.IntPg22" name="verifyBigLogoTest" time="2.676"/>
  <system-out/>
</testsuite> <!-- TestCases.IntPg22 -->
