<?xml version="1.0" encoding="UTF-8"?>
<!-- Generated by org.testng.reporters.JUnitReportReporter -->
<testsuite hostname="LAPTOP-UNO4ULJI" failures="0" tests="4" name="TestCases.checkoUt2Test" time="47.718" errors="0" timestamp="2022-10-23T09:46:14 IST" skipped="0">
  <testcase classname="TestCases.checkoUt2Test" name="finishBtPageTEst" time="7.874"/>
  <system-out/>
  <testcase classname="TestCases.checkoUt2Test" name="verifyPaymentInfoTest" time="6.989"/>
  <system-out/>
  <testcase classname="TestCases.checkoUt2Test" name="verifytotalTest" time="25.028"/>
  <system-out/>
  <testcase classname="TestCases.checkoUt2Test" name="verifyPayshippingInfoTest" time="7.827"/>
  <system-out/>
</testsuite> <!-- TestCases.checkoUt2Test -->
