<?xml version="1.0" encoding="UTF-8"?>
<!-- Generated by org.testng.reporters.JUnitReportReporter -->
<testsuite hostname="LAPTOP-UNO4ULJI" failures="0" tests="2" name="TestCases.completeTest" time="12.006" errors="0" timestamp="2022-10-23T13:00:35 IST" skipped="0">
  <testcase classname="TestCases.completeTest" name="burgerBtnVTest" time="7.013"/>
  <system-out/>
  <testcase classname="TestCases.completeTest" name="logoutTest" time="4.993"/>
  <system-out/>
</testsuite> <!-- TestCases.completeTest -->
