<?xml version="1.0" encoding="UTF-8"?>
<!-- Generated by org.testng.reporters.JUnitReportReporter -->
<testsuite hostname="LAPTOP-UNO4ULJI" failures="0" tests="2" name="TestCases.checkoutTest" time="12.906" errors="0" timestamp="2022-10-23T09:46:47 IST" skipped="0">
  <testcase classname="TestCases.checkoutTest" name="verifyPageTitleTest" time="4.779"/>
  <system-out/>
  <testcase classname="TestCases.checkoutTest" name="VerifyInfoTest" time="8.127"/>
  <system-out/>
</testsuite> <!-- TestCases.checkoutTest -->
