<?xml version="1.0" encoding="UTF-8"?>
<!-- Generated by org.testng.reporters.JUnitReportReporter -->
<testsuite hostname="LAPTOP-UNO4ULJI" failures="0" tests="8" name="TestCases.InventoryPageTest" time="3.769" errors="0" timestamp="2022-10-21T14:19:53 IST" skipped="7">
  <testcase classname="TestCases.InventoryPageTest" name="add6Product" time="3.769"/>
  <system-out/>
  <testcase classname="TestCases.InventoryPageTest" name="remove2ProductTest">
    <skipped/>
  </testcase> <!-- remove2ProductTest -->
  <system-out/>
  <testcase classname="TestCases.InventoryPageTest" name="verifyfbLogoTest">
    <skipped/>
  </testcase> <!-- verifyfbLogoTest -->
  <system-out/>
  <testcase classname="TestCases.InventoryPageTest" name="cartBtnTest">
    <skipped/>
  </testcase> <!-- cartBtnTest -->
  <system-out/>
  <testcase classname="TestCases.InventoryPageTest" name="verifylinkedInTest">
    <skipped/>
  </testcase> <!-- verifylinkedInTest -->
  <system-out/>
  <testcase classname="TestCases.InventoryPageTest" name="verifysmallLogo">
    <skipped/>
  </testcase> <!-- verifysmallLogo -->
  <system-out/>
  <testcase classname="TestCases.InventoryPageTest" name="verifytwiterLogoTest">
    <skipped/>
  </testcase> <!-- verifytwiterLogoTest -->
  <system-out/>
  <testcase classname="TestCases.InventoryPageTest" name="verifybigLogo">
    <skipped/>
  </testcase> <!-- verifybigLogo -->
  <system-out/>
</testsuite> <!-- TestCases.InventoryPageTest -->
